[2023-07-02T06:57:15.822+0100] {taskinstance.py:1103} INFO - Dependencies all met for dep_context=non-requeueable deps ti=<TaskInstance: init_db.load_data manual__2023-07-02T05:49:56.085357+00:00 [queued]>
[2023-07-02T06:57:15.833+0100] {taskinstance.py:1103} INFO - Dependencies all met for dep_context=requeueable deps ti=<TaskInstance: init_db.load_data manual__2023-07-02T05:49:56.085357+00:00 [queued]>
[2023-07-02T06:57:15.833+0100] {taskinstance.py:1308} INFO - Starting attempt 1 of 1
[2023-07-02T06:57:15.849+0100] {taskinstance.py:1327} INFO - Executing <Task(PythonOperator): load_data> on 2023-07-02 05:49:56.085357+00:00
[2023-07-02T06:57:15.853+0100] {standard_task_runner.py:57} INFO - Started process 35261 to run task
[2023-07-02T06:57:15.857+0100] {standard_task_runner.py:84} INFO - Running: ['airflow', 'tasks', 'run', 'init_db', 'load_data', 'manual__2023-07-02T05:49:56.085357+00:00', '--job-id', '10', '--raw', '--subdir', '/home/haboubi/Desktop/api/API_weather/dags/init_db.py', '--cfg-path', '/tmp/tmp5ojid0o0']
[2023-07-02T06:57:15.859+0100] {standard_task_runner.py:85} INFO - Job 10: Subtask load_data
[2023-07-02T06:57:15.935+0100] {task_command.py:410} INFO - Running <TaskInstance: init_db.load_data manual__2023-07-02T05:49:56.085357+00:00 [running]> on host haboubi-VivoBook-15-ASUS-Laptop-X540UB
[2023-07-02T06:57:16.049+0100] {taskinstance.py:1545} INFO - Exporting env vars: AIRFLOW_CTX_DAG_OWNER='airflow' AIRFLOW_CTX_DAG_ID='init_db' AIRFLOW_CTX_TASK_ID='load_data' AIRFLOW_CTX_EXECUTION_DATE='2023-07-02T05:49:56.085357+00:00' AIRFLOW_CTX_TRY_NUMBER='1' AIRFLOW_CTX_DAG_RUN_ID='manual__2023-07-02T05:49:56.085357+00:00'
[2023-07-02T06:57:16.077+0100] {logging_mixin.py:149} INFO - <class 'numpy.float64'>
[2023-07-02T06:57:16.101+0100] {logging_mixin.py:149} INFO - <class 'numpy.float64'>
[2023-07-02T06:57:16.124+0100] {logging_mixin.py:149} INFO - <class 'numpy.float64'>
[2023-07-02T06:57:16.150+0100] {logging_mixin.py:149} INFO - <class 'numpy.float64'>
[2023-07-02T06:57:16.176+0100] {logging_mixin.py:149} INFO - <class 'numpy.float64'>
[2023-07-02T06:57:16.200+0100] {logging_mixin.py:149} INFO - <class 'numpy.float64'>
[2023-07-02T06:57:16.225+0100] {logging_mixin.py:149} INFO - <class 'numpy.float64'>
[2023-07-02T06:57:16.247+0100] {logging_mixin.py:149} INFO - <class 'numpy.float64'>
[2023-07-02T06:57:16.271+0100] {logging_mixin.py:149} INFO - <class 'numpy.float64'>
[2023-07-02T06:57:16.295+0100] {logging_mixin.py:149} INFO - <class 'numpy.float64'>
[2023-07-02T06:57:16.322+0100] {logging_mixin.py:149} INFO - <class 'numpy.float64'>
[2023-07-02T06:57:16.346+0100] {logging_mixin.py:149} INFO - <class 'numpy.float64'>
[2023-07-02T06:57:16.370+0100] {logging_mixin.py:149} INFO - <class 'numpy.float64'>
[2023-07-02T06:57:16.398+0100] {logging_mixin.py:149} INFO - <class 'numpy.float64'>
[2023-07-02T06:57:16.420+0100] {logging_mixin.py:149} INFO - <class 'numpy.float64'>
[2023-07-02T06:57:16.442+0100] {logging_mixin.py:149} INFO - <class 'numpy.float64'>
[2023-07-02T06:57:16.466+0100] {logging_mixin.py:149} INFO - <class 'numpy.float64'>
[2023-07-02T06:57:16.497+0100] {logging_mixin.py:149} INFO - <class 'numpy.float64'>
[2023-07-02T06:57:16.520+0100] {logging_mixin.py:149} INFO - <class 'numpy.float64'>
[2023-07-02T06:57:16.544+0100] {logging_mixin.py:149} INFO - <class 'numpy.float64'>
[2023-07-02T06:57:16.619+0100] {taskinstance.py:1824} ERROR - Task failed with exception
Traceback (most recent call last):
  File "/home/haboubi/Desktop/api/API_weather/api_env/lib/python3.10/site-packages/sqlalchemy/engine/base.py", line 1885, in _execute_context
    self.dialect.do_executemany(
  File "/home/haboubi/Desktop/api/API_weather/api_env/lib/python3.10/site-packages/sqlalchemy/dialects/postgresql/psycopg2.py", line 982, in do_executemany
    context._psycopg2_fetched_rows = xtras.execute_values(
  File "/home/haboubi/Desktop/api/API_weather/api_env/lib/python3.10/site-packages/psycopg2/extras.py", line 1299, in execute_values
    cur.execute(b''.join(parts))
psycopg2.errors.UndefinedTable: relation "locations" does not exist
LINE 1: INSERT INTO locations (name, country, lat, lon) VALUES ('Par...
                    ^


The above exception was the direct cause of the following exception:

Traceback (most recent call last):
  File "/home/haboubi/Desktop/api/API_weather/api_env/lib/python3.10/site-packages/airflow/operators/python.py", line 181, in execute
    return_value = self.execute_callable()
  File "/home/haboubi/Desktop/api/API_weather/api_env/lib/python3.10/site-packages/airflow/operators/python.py", line 198, in execute_callable
    return self.python_callable(*self.op_args, **self.op_kwargs)
  File "/home/haboubi/Desktop/api/API_weather/dags/init_db.py", line 21, in load_data
    session.commit()
  File "/home/haboubi/Desktop/api/API_weather/api_env/lib/python3.10/site-packages/sqlalchemy/orm/session.py", line 1454, in commit
    self._transaction.commit(_to_root=self.future)
  File "/home/haboubi/Desktop/api/API_weather/api_env/lib/python3.10/site-packages/sqlalchemy/orm/session.py", line 832, in commit
    self._prepare_impl()
  File "/home/haboubi/Desktop/api/API_weather/api_env/lib/python3.10/site-packages/sqlalchemy/orm/session.py", line 811, in _prepare_impl
    self.session.flush()
  File "/home/haboubi/Desktop/api/API_weather/api_env/lib/python3.10/site-packages/sqlalchemy/orm/session.py", line 3449, in flush
    self._flush(objects)
  File "/home/haboubi/Desktop/api/API_weather/api_env/lib/python3.10/site-packages/sqlalchemy/orm/session.py", line 3588, in _flush
    with util.safe_reraise():
  File "/home/haboubi/Desktop/api/API_weather/api_env/lib/python3.10/site-packages/sqlalchemy/util/langhelpers.py", line 70, in __exit__
    compat.raise_(
  File "/home/haboubi/Desktop/api/API_weather/api_env/lib/python3.10/site-packages/sqlalchemy/util/compat.py", line 211, in raise_
    raise exception
  File "/home/haboubi/Desktop/api/API_weather/api_env/lib/python3.10/site-packages/sqlalchemy/orm/session.py", line 3549, in _flush
    flush_context.execute()
  File "/home/haboubi/Desktop/api/API_weather/api_env/lib/python3.10/site-packages/sqlalchemy/orm/unitofwork.py", line 456, in execute
    rec.execute(self)
  File "/home/haboubi/Desktop/api/API_weather/api_env/lib/python3.10/site-packages/sqlalchemy/orm/unitofwork.py", line 630, in execute
    util.preloaded.orm_persistence.save_obj(
  File "/home/haboubi/Desktop/api/API_weather/api_env/lib/python3.10/site-packages/sqlalchemy/orm/persistence.py", line 245, in save_obj
    _emit_insert_statements(
  File "/home/haboubi/Desktop/api/API_weather/api_env/lib/python3.10/site-packages/sqlalchemy/orm/persistence.py", line 1156, in _emit_insert_statements
    c = connection._execute_20(
  File "/home/haboubi/Desktop/api/API_weather/api_env/lib/python3.10/site-packages/sqlalchemy/engine/base.py", line 1710, in _execute_20
    return meth(self, args_10style, kwargs_10style, execution_options)
  File "/home/haboubi/Desktop/api/API_weather/api_env/lib/python3.10/site-packages/sqlalchemy/sql/elements.py", line 334, in _execute_on_connection
    return connection._execute_clauseelement(
  File "/home/haboubi/Desktop/api/API_weather/api_env/lib/python3.10/site-packages/sqlalchemy/engine/base.py", line 1577, in _execute_clauseelement
    ret = self._execute_context(
  File "/home/haboubi/Desktop/api/API_weather/api_env/lib/python3.10/site-packages/sqlalchemy/engine/base.py", line 1948, in _execute_context
    self._handle_dbapi_exception(
  File "/home/haboubi/Desktop/api/API_weather/api_env/lib/python3.10/site-packages/sqlalchemy/engine/base.py", line 2129, in _handle_dbapi_exception
    util.raise_(
  File "/home/haboubi/Desktop/api/API_weather/api_env/lib/python3.10/site-packages/sqlalchemy/util/compat.py", line 211, in raise_
    raise exception
  File "/home/haboubi/Desktop/api/API_weather/api_env/lib/python3.10/site-packages/sqlalchemy/engine/base.py", line 1885, in _execute_context
    self.dialect.do_executemany(
  File "/home/haboubi/Desktop/api/API_weather/api_env/lib/python3.10/site-packages/sqlalchemy/dialects/postgresql/psycopg2.py", line 982, in do_executemany
    context._psycopg2_fetched_rows = xtras.execute_values(
  File "/home/haboubi/Desktop/api/API_weather/api_env/lib/python3.10/site-packages/psycopg2/extras.py", line 1299, in execute_values
    cur.execute(b''.join(parts))
sqlalchemy.exc.ProgrammingError: (psycopg2.errors.UndefinedTable) relation "locations" does not exist
LINE 1: INSERT INTO locations (name, country, lat, lon) VALUES ('Par...
                    ^

[SQL: INSERT INTO locations (name, country, lat, lon) VALUES (%(name)s, %(country)s, %(lat)s, %(lon)s) RETURNING locations.id]
[parameters: ({'name': 'Paris', 'country': 'France', 'lat': 48.87, 'lon': 2.33}, {'name': 'London', 'country': 'United Kingdom', 'lat': 51.52, 'lon': -0.11}, {'name': 'Barcelona', 'country': 'Spain', 'lat': 41.38, 'lon': 2.18}, {'name': 'Rome', 'country': 'Italy', 'lat': 41.9, 'lon': 12.48}, {'name': 'New York', 'country': 'United States of America', 'lat': 40.71, 'lon': -74.01}, {'name': 'Tokyo', 'country': 'Japan', 'lat': 35.69, 'lon': 139.69}, {'name': 'Istanbul', 'country': 'Turkey', 'lat': 41.02, 'lon': 28.96}, {'name': 'Dubai', 'country': 'United Arab Emirates', 'lat': 25.25, 'lon': 55.28}  ... displaying 10 of 20 total bound parameter sets ...  {'name': 'San Francisco', 'country': 'United States of America', 'lat': 37.78, 'lon': -122.42}, {'name': 'Marrakech', 'country': 'Morocco', 'lat': 31.63, 'lon': -8.0})]
(Background on this error at: https://sqlalche.me/e/14/f405)
[2023-07-02T06:57:16.648+0100] {taskinstance.py:1345} INFO - Marking task as FAILED. dag_id=init_db, task_id=load_data, execution_date=20230702T054956, start_date=20230702T055715, end_date=20230702T055716
[2023-07-02T06:57:16.658+0100] {standard_task_runner.py:104} ERROR - Failed to execute job 10 for task load_data ((psycopg2.errors.UndefinedTable) relation "locations" does not exist
LINE 1: INSERT INTO locations (name, country, lat, lon) VALUES ('Par...
                    ^

[SQL: INSERT INTO locations (name, country, lat, lon) VALUES (%(name)s, %(country)s, %(lat)s, %(lon)s) RETURNING locations.id]
[parameters: ({'name': 'Paris', 'country': 'France', 'lat': 48.87, 'lon': 2.33}, {'name': 'London', 'country': 'United Kingdom', 'lat': 51.52, 'lon': -0.11}, {'name': 'Barcelona', 'country': 'Spain', 'lat': 41.38, 'lon': 2.18}, {'name': 'Rome', 'country': 'Italy', 'lat': 41.9, 'lon': 12.48}, {'name': 'New York', 'country': 'United States of America', 'lat': 40.71, 'lon': -74.01}, {'name': 'Tokyo', 'country': 'Japan', 'lat': 35.69, 'lon': 139.69}, {'name': 'Istanbul', 'country': 'Turkey', 'lat': 41.02, 'lon': 28.96}, {'name': 'Dubai', 'country': 'United Arab Emirates', 'lat': 25.25, 'lon': 55.28}  ... displaying 10 of 20 total bound parameter sets ...  {'name': 'San Francisco', 'country': 'United States of America', 'lat': 37.78, 'lon': -122.42}, {'name': 'Marrakech', 'country': 'Morocco', 'lat': 31.63, 'lon': -8.0})]
(Background on this error at: https://sqlalche.me/e/14/f405); 35261)
[2023-07-02T06:57:16.671+0100] {local_task_job_runner.py:225} INFO - Task exited with return code 1
[2023-07-02T06:57:16.706+0100] {taskinstance.py:2653} INFO - 0 downstream tasks scheduled from follow-on schedule check
